[2025-05-14T08:59:42.323] [INFO] default - Auth header: undefined
[2025-05-14T08:59:42.325] [INFO] default - Cookies: {}
[2025-05-14T08:59:42.326] [WARN] default - Usuario no autenticado: No auth token
[2025-05-14T08:59:42.327] [INFO] default - Auth header: undefined
[2025-05-14T08:59:42.327] [INFO] default - Cookies: {}
[2025-05-14T08:59:42.328] [WARN] default - Usuario no autenticado: No auth token
[2025-05-14T08:59:53.408] [INFO] default - Auth header: undefined
[2025-05-14T08:59:53.409] [INFO] default - Cookies: {}
[2025-05-14T08:59:53.410] [WARN] default - Usuario no autenticado: No auth token
[2025-05-14T08:59:53.410] [INFO] default - Auth header: undefined
[2025-05-14T08:59:53.411] [INFO] default - Cookies: {}
[2025-05-14T08:59:53.411] [WARN] default - Usuario no autenticado: No auth token
[2025-05-14T08:59:59.307] [INFO] default - Auth header: undefined
[2025-05-14T08:59:59.307] [INFO] default - Cookies: {}
[2025-05-14T08:59:59.308] [WARN] default - Usuario no autenticado: No auth token
[2025-05-14T08:59:59.318] [INFO] default - User with email eugeniomatiasbrave@gmail.com retrieved successfully
[2025-05-14T09:15:38.959] [INFO] default - Auth header: undefined
[2025-05-14T09:15:38.959] [INFO] default - Cookies: {}
[2025-05-14T09:15:38.960] [WARN] default - Usuario no autenticado: No auth token
[2025-05-14T09:15:38.960] [INFO] default - Auth header: undefined
[2025-05-14T09:15:38.961] [INFO] default - Cookies: {}
[2025-05-14T09:15:39.110] [INFO] default - Usuario autenticado: eugeniomatiasbrave@gmail.com (ID: 1)
[2025-05-14T10:19:44.993] [INFO] default - Auth header: undefined
[2025-05-14T10:19:44.998] [INFO] default - Cookies: {}
[2025-05-14T10:19:45.000] [WARN] default - Usuario no autenticado: No auth token
[2025-05-14T10:19:45.001] [INFO] default - Auth header: undefined
[2025-05-14T10:19:45.001] [INFO] default - Cookies: {}
[2025-05-14T10:19:45.181] [INFO] default - Usuario autenticado: eugeniomatiasbrave@gmail.com (ID: 1)
[2025-05-14T10:24:56.400] [INFO] default - Auth header: undefined
[2025-05-14T10:24:56.400] [INFO] default - Cookies: {}
[2025-05-14T10:24:56.401] [WARN] default - Usuario no autenticado: No auth token
[2025-05-14T10:24:56.402] [INFO] default - Auth header: undefined
[2025-05-14T10:24:56.402] [INFO] default - Cookies: {}
[2025-05-14T10:24:56.402] [WARN] default - Usuario no autenticado: No auth token
